Determining if the pthread_create exist failed with the following output:
Change Dir: /home/user99/Documents/antoine/dev/sc-zeth/build/CMakeFiles/CMakeTmp

Run Build Command:"/usr/bin/make" "cmTC_b12f5/fast"
/usr/bin/make -f CMakeFiles/cmTC_b12f5.dir/build.make CMakeFiles/cmTC_b12f5.dir/build
make[1]: Entering directory '/home/user99/Documents/antoine/dev/sc-zeth/build/CMakeFiles/CMakeTmp'
Building C object CMakeFiles/cmTC_b12f5.dir/CheckSymbolExists.c.o
/usr/bin/cc    -o CMakeFiles/cmTC_b12f5.dir/CheckSymbolExists.c.o   -c /home/user99/Documents/antoine/dev/sc-zeth/build/CMakeFiles/CMakeTmp/CheckSymbolExists.c
Linking C executable cmTC_b12f5
/usr/bin/cmake -E cmake_link_script CMakeFiles/cmTC_b12f5.dir/link.txt --verbose=1
/usr/bin/cc      -rdynamic CMakeFiles/cmTC_b12f5.dir/CheckSymbolExists.c.o  -o cmTC_b12f5 
CMakeFiles/cmTC_b12f5.dir/CheckSymbolExists.c.o: In function `main':
CheckSymbolExists.c:(.text+0x1b): undefined reference to `pthread_create'
collect2: error: ld returned 1 exit status
CMakeFiles/cmTC_b12f5.dir/build.make:97: recipe for target 'cmTC_b12f5' failed
make[1]: *** [cmTC_b12f5] Error 1
make[1]: Leaving directory '/home/user99/Documents/antoine/dev/sc-zeth/build/CMakeFiles/CMakeTmp'
Makefile:126: recipe for target 'cmTC_b12f5/fast' failed
make: *** [cmTC_b12f5/fast] Error 2

File /home/user99/Documents/antoine/dev/sc-zeth/build/CMakeFiles/CMakeTmp/CheckSymbolExists.c:
/* */
#include <pthread.h>

int main(int argc, char** argv)
{
  (void)argv;
#ifndef pthread_create
  return ((int*)(&pthread_create))[argc];
#else
  (void)argc;
  return 0;
#endif
}

